2023-03-31 09:55:36,175 INFO  [org.jboss.modules] (main) JBoss Modules version 1.8.6.Final
2023-03-31 09:55:36,848 INFO  [org.jboss.msc] (main) JBoss MSC version 1.4.3.Final
2023-03-31 09:55:36,856 INFO  [org.jboss.threads] (main) JBoss Threads version 2.3.2.Final
2023-03-31 09:55:36,975 INFO  [org.jboss.as] (MSC service thread 1-1) WFLYSRV0049: WildFly Full 14.0.0.Final (WildFly Core 6.0.1.Final) starting
2023-03-31 09:55:36,976 DEBUG [org.jboss.as.config] (MSC service thread 1-1) Configured system properties:
	[Standalone] = 
	awt.toolkit = sun.lwawt.macosx.LWCToolkit
	file.encoding = UTF-8
	file.encoding.pkg = sun.io
	file.separator = /
	ftp.nonProxyHosts = local|*.local|169.254/16|*.169.254/16|localhost|*.localhost
	gopherProxySet = false
	http.nonProxyHosts = local|*.local|169.254/16|*.169.254/16|localhost|*.localhost
	java.awt.graphicsenv = sun.awt.CGraphicsEnvironment
	java.awt.headless = true
	java.awt.printerjob = sun.lwawt.macosx.CPrinterJob
	java.class.path = /Users/igyeongdo/WokrSpace/세션 클러스터링/1_14_테스트/jboss-modules.jar
	java.class.version = 52.0
	java.endorsed.dirs = /Library/Java/JavaVirtualMachines/jdk1.8.0_351.jdk/Contents/Home/jre/lib/endorsed
	java.ext.dirs = /Users/igyeongdo/Library/Java/Extensions:/Library/Java/JavaVirtualMachines/jdk1.8.0_351.jdk/Contents/Home/jre/lib/ext:/Library/Java/Extensions:/Network/Library/Java/Extensions:/System/Library/Java/Extensions:/usr/lib/java
	java.home = /Library/Java/JavaVirtualMachines/jdk1.8.0_351.jdk/Contents/Home/jre
	java.io.tmpdir = /var/folders/kg/vm_2c4q56_b31pmd5cxr0tpr0000gn/T/
	java.library.path = /Users/igyeongdo/Library/Java/Extensions:/Library/Java/Extensions:/Network/Library/Java/Extensions:/System/Library/Java/Extensions:/usr/lib/java:.
	java.net.preferIPv4Stack = true
	java.runtime.name = Java(TM) SE Runtime Environment
	java.runtime.version = 1.8.0_351-b10
	java.specification.maintenance.version = 4
	java.specification.name = Java Platform API Specification
	java.specification.vendor = Oracle Corporation
	java.specification.version = 1.8
	java.util.logging.manager = org.jboss.logmanager.LogManager
	java.vendor = Oracle Corporation
	java.vendor.url = http://java.oracle.com/
	java.vendor.url.bug = http://bugreport.sun.com/bugreport/
	java.version = 1.8.0_351
	java.vm.info = mixed mode
	java.vm.name = Java HotSpot(TM) 64-Bit Server VM
	java.vm.specification.name = Java Virtual Machine Specification
	java.vm.specification.vendor = Oracle Corporation
	java.vm.specification.version = 1.8
	java.vm.vendor = Oracle Corporation
	java.vm.version = 25.351-b10
	javax.management.builder.initial = org.jboss.as.jmx.PluggableMBeanServerBuilder
	jboss.home.dir = /Users/igyeongdo/WokrSpace/세션 클러스터링/1_14_테스트
	jboss.host.name = igyeongdoui-macbookpro
	jboss.modules.dir = /Users/igyeongdo/WokrSpace/세션 클러스터링/1_14_테스트/modules
	jboss.modules.system.pkgs = org.jboss.byteman
	jboss.node.name = igyeongdoui-macbookpro
	jboss.qualified.host.name = igyeongdoui-macbookpro.local
	jboss.server.base.dir = /Users/igyeongdo/WokrSpace/세션 클러스터링/1_14_테스트/standalone
	jboss.server.config.dir = /Users/igyeongdo/WokrSpace/세션 클러스터링/1_14_테스트/standalone/configuration
	jboss.server.data.dir = /Users/igyeongdo/WokrSpace/세션 클러스터링/1_14_테스트/standalone/data
	jboss.server.deploy.dir = /Users/igyeongdo/WokrSpace/세션 클러스터링/1_14_테스트/standalone/data/content
	jboss.server.log.dir = /Users/igyeongdo/WokrSpace/세션 클러스터링/1_14_테스트/standalone/log
	jboss.server.name = igyeongdoui-macbookpro
	jboss.server.persist.config = true
	jboss.server.temp.dir = /Users/igyeongdo/WokrSpace/세션 클러스터링/1_14_테스트/standalone/tmp
	line.separator = 

	logging.configuration = file:/Users/igyeongdo/WokrSpace/세션 클러스터링/1_14_테스트/standalone/configuration/logging.properties
	module.path = /Users/igyeongdo/WokrSpace/세션 클러스터링/1_14_테스트/modules
	org.jboss.boot.log.file = /Users/igyeongdo/WokrSpace/세션 클러스터링/1_14_테스트/standalone/log/server.log
	org.jboss.resolver.warning = true
	os.arch = x86_64
	os.name = Mac OS X
	os.version = 13.2.1
	path.separator = :
	socksNonProxyHosts = local|*.local|169.254/16|*.169.254/16|localhost|*.localhost
	sun.arch.data.model = 64
	sun.boot.class.path = /Library/Java/JavaVirtualMachines/jdk1.8.0_351.jdk/Contents/Home/jre/lib/resources.jar:/Library/Java/JavaVirtualMachines/jdk1.8.0_351.jdk/Contents/Home/jre/lib/rt.jar:/Library/Java/JavaVirtualMachines/jdk1.8.0_351.jdk/Contents/Home/jre/lib/jsse.jar:/Library/Java/JavaVirtualMachines/jdk1.8.0_351.jdk/Contents/Home/jre/lib/jce.jar:/Library/Java/JavaVirtualMachines/jdk1.8.0_351.jdk/Contents/Home/jre/lib/charsets.jar:/Library/Java/JavaVirtualMachines/jdk1.8.0_351.jdk/Contents/Home/jre/lib/jfr.jar:/Library/Java/JavaVirtualMachines/jdk1.8.0_351.jdk/Contents/Home/jre/classes
	sun.boot.library.path = /Library/Java/JavaVirtualMachines/jdk1.8.0_351.jdk/Contents/Home/jre/lib
	sun.cpu.endian = little
	sun.cpu.isalist = 
	sun.io.unicode.encoding = UnicodeBig
	sun.java.command = /Users/igyeongdo/WokrSpace/세션 클러스터링/1_14_테스트/jboss-modules.jar -mp /Users/igyeongdo/WokrSpace/세션 클러스터링/1_14_테스트/modules org.jboss.as.standalone -Djboss.home.dir=/Users/igyeongdo/WokrSpace/세션 클러스터링/1_14_테스트 -Djboss.server.base.dir=/Users/igyeongdo/WokrSpace/세션 클러스터링/1_14_테스트/standalone --server-config=standalone-ha.xml
	sun.java.launcher = SUN_STANDARD
	sun.jnu.encoding = UTF-8
	sun.management.compiler = HotSpot 64-Bit Tiered Compilers
	sun.os.patch.level = unknown
	user.country = KR
	user.dir = /Users/igyeongdo/WokrSpace/세션 클러스터링/1_14_테스트/bin
	user.home = /Users/igyeongdo
	user.language = ko
	user.language.format = ko-Kore
	user.name = igyeongdo
	user.timezone = Asia/Seoul
2023-03-31 09:55:36,977 DEBUG [org.jboss.as.config] (MSC service thread 1-1) VM Arguments: -D[Standalone] -Xms64m -Xmx512m -XX:MetaspaceSize=96M -XX:MaxMetaspaceSize=256m -Djava.net.preferIPv4Stack=true -Djboss.modules.system.pkgs=org.jboss.byteman -Djava.awt.headless=true -Dorg.jboss.boot.log.file=/Users/igyeongdo/WokrSpace/세션 클러스터링/1_14_테스트/standalone/log/server.log -Dlogging.configuration=file:/Users/igyeongdo/WokrSpace/세션 클러스터링/1_14_테스트/standalone/configuration/logging.properties 
2023-03-31 09:55:38,311 INFO  [org.wildfly.security] (ServerService Thread Pool -- 30) ELY00001: WildFly Elytron version 1.6.0.Final
2023-03-31 09:55:39,262 INFO  [org.jboss.as.controller.management-deprecated] (Controller Boot Thread) WFLYCTL0028: Attribute 'security-realm' in the resource at address '/core-service=management/management-interface=http-interface' is deprecated, and may be removed in a future version. See the attribute description in the output of the read-resource-description operation to learn more about the deprecation.
2023-03-31 09:55:39,701 INFO  [org.jboss.as.controller.management-deprecated] (ServerService Thread Pool -- 35) WFLYCTL0028: Attribute 'security-realm' in the resource at address '/subsystem=undertow/server=default-server/https-listener=https' is deprecated, and may be removed in a future version. See the attribute description in the output of the read-resource-description operation to learn more about the deprecation.
2023-03-31 09:55:39,881 INFO  [org.jboss.as.repository] (ServerService Thread Pool -- 10) WFLYDR0001: Content added at location /Users/igyeongdo/WokrSpace/세션 클러스터링/1_14_테스트/standalone/data/content/f6/ad0b6bf63297f7215f7466a132909b47c5e6dd/content
2023-03-31 09:55:40,043 INFO  [org.jboss.as.server] (Controller Boot Thread) WFLYSRV0039: Creating http management service using socket-binding (management-http)
2023-03-31 09:55:40,102 INFO  [org.xnio] (MSC service thread 1-3) XNIO version 3.6.5.Final
2023-03-31 09:55:40,132 INFO  [org.xnio.nio] (MSC service thread 1-3) XNIO NIO Implementation Version 3.6.5.Final
2023-03-31 09:55:40,244 INFO  [org.jboss.as.clustering.infinispan] (ServerService Thread Pool -- 51) WFLYCLINF0001: Activating Infinispan subsystem.
2023-03-31 09:55:40,247 INFO  [org.wildfly.extension.microprofile.config.smallrye._private] (ServerService Thread Pool -- 61) WFLYCONF0001: Activating WildFly MicroProfile Config Subsystem
2023-03-31 09:55:40,251 INFO  [org.wildfly.extension.microprofile.opentracing] (ServerService Thread Pool -- 63) WFLYTRACEXT0001: Activating MicroProfile OpenTracing Subsystem
2023-03-31 09:55:40,278 INFO  [org.jboss.as.mail.extension] (MSC service thread 1-7) WFLYMAIL0002: Unbound mail session [java:jboss/mail/Default]
2023-03-31 09:55:40,437 INFO  [org.jboss.as.webservices] (ServerService Thread Pool -- 76) WFLYWS0002: Activating WebServices Extension
2023-03-31 09:55:40,441 INFO  [org.jboss.as.naming] (ServerService Thread Pool -- 65) WFLYNAM0001: Activating Naming Subsystem
2023-03-31 09:55:40,445 INFO  [org.jboss.as.security] (ServerService Thread Pool -- 71) WFLYSEC0002: Activating Security Subsystem
2023-03-31 09:55:40,415 WARN  [org.jboss.as.txn] (ServerService Thread Pool -- 74) WFLYTX0013: The node-identifier attribute on the /subsystem=transactions is set to the default value. This is a danger for environments running multiple servers. Please make sure the attribute value is unique.
2023-03-31 09:55:40,430 INFO  [org.jboss.as.clustering.jgroups] (ServerService Thread Pool -- 56) WFLYCLJG0001: Activating JGroups subsystem. JGroups version 4.0.13
2023-03-31 09:55:40,514 INFO  [org.jboss.as.jsf] (ServerService Thread Pool -- 59) WFLYJSF0007: Activated the following JSF Implementations: [main]
2023-03-31 09:55:40,585 INFO  [org.wildfly.extension.io] (ServerService Thread Pool -- 52) WFLYIO001: Worker 'default' has auto-configured to 16 core threads with 128 task threads based on your 8 available processors
2023-03-31 09:55:40,628 INFO  [org.wildfly.extension.microprofile.health.smallrye] (ServerService Thread Pool -- 62) WFLYHEALTH0001: Activating Eclipse MicroProfile Health Subsystem
2023-03-31 09:55:40,630 INFO  [org.jboss.as.mail.extension] (MSC service thread 1-1) WFLYMAIL0001: Bound mail session [java:jboss/mail/Default]
2023-03-31 09:55:40,628 INFO  [org.jboss.as.naming] (MSC service thread 1-2) WFLYNAM0003: Starting Naming Service
2023-03-31 09:55:40,658 INFO  [org.jboss.as.connector] (MSC service thread 1-1) WFLYJCA0009: Starting JCA Subsystem (WildFly/IronJacamar 1.4.11.Final)
2023-03-31 09:55:40,678 INFO  [org.jboss.as.security] (MSC service thread 1-5) WFLYSEC0001: Current PicketBox version=5.0.3.Final
2023-03-31 09:55:40,713 INFO  [org.jboss.as.jaxrs] (ServerService Thread Pool -- 53) WFLYRS0016: RESTEasy version 3.6.1.Final
2023-03-31 09:55:40,762 INFO  [org.wildfly.extension.undertow] (MSC service thread 1-6) WFLYUT0003: Undertow 2.0.13.Final starting
2023-03-31 09:55:40,772 INFO  [org.jboss.as.connector.subsystems.datasources] (ServerService Thread Pool -- 44) WFLYJCA0004: Deploying JDBC-compliant driver class org.h2.Driver (version 1.4)
2023-03-31 09:55:40,837 INFO  [org.jboss.as.connector.deployers.jdbc] (MSC service thread 1-3) WFLYJCA0018: Started Driver service with driver-name = h2
2023-03-31 09:55:40,881 INFO  [org.jboss.remoting] (MSC service thread 1-6) JBoss Remoting version 5.0.8.Final
2023-03-31 09:55:41,044 INFO  [org.jboss.as.connector.subsystems.datasources] (MSC service thread 1-8) WFLYJCA0010: Unbound data source [java:jboss/datasources/ExampleDS]
2023-03-31 09:55:41,149 INFO  [org.jboss.as.ejb3] (MSC service thread 1-2) WFLYEJB0482: Strict pool mdb-strict-max-pool is using a max instance size of 32 (per class), which is derived from the number of CPUs on this host.
2023-03-31 09:55:41,149 INFO  [org.jboss.as.ejb3] (MSC service thread 1-4) WFLYEJB0481: Strict pool slsb-strict-max-pool is using a max instance size of 128 (per class), which is derived from thread worker pool sizing.
2023-03-31 09:55:41,435 INFO  [org.wildfly.extension.undertow] (ServerService Thread Pool -- 75) WFLYUT0014: Creating file handler for path '/Users/igyeongdo/WokrSpace/세션 클러스터링/1_14_테스트/welcome-content' with options [directory-listing: 'false', follow-symlink: 'false', case-sensitive: 'true', safe-symlink-paths: '[]']
2023-03-31 09:55:41,446 INFO  [org.wildfly.extension.undertow] (MSC service thread 1-7) WFLYUT0012: Started server default-server.
2023-03-31 09:55:41,469 INFO  [org.wildfly.extension.undertow] (MSC service thread 1-7) WFLYUT0018: Host default-host starting
2023-03-31 09:55:41,548 INFO  [org.wildfly.extension.undertow] (MSC service thread 1-3) WFLYUT0006: Undertow HTTP listener default listening on 127.0.0.1:9000
2023-03-31 09:55:41,548 INFO  [org.wildfly.extension.undertow] (MSC service thread 1-1) WFLYUT0006: Undertow AJP listener ajp listening on 127.0.0.1:8001
2023-03-31 09:55:41,590 INFO  [org.jboss.modcluster] (ServerService Thread Pool -- 78) MODCLUSTER000001: Initializing mod_cluster version 1.4.0.Final
2023-03-31 09:55:41,627 INFO  [org.jboss.modcluster] (ServerService Thread Pool -- 78) MODCLUSTER000032: Listening to proxy advertisements on /224.0.1.105:23364
2023-03-31 09:55:41,732 INFO  [org.jboss.as.ejb3] (MSC service thread 1-2) WFLYEJB0493: EJB subsystem suspension complete
2023-03-31 09:55:41,855 INFO  [org.jboss.as.connector.subsystems.datasources] (MSC service thread 1-7) WFLYJCA0001: Bound data source [java:jboss/datasources/ExampleDS]
2023-03-31 09:55:42,180 INFO  [org.jboss.as.patching] (MSC service thread 1-7) WFLYPAT0050: WildFly Full cumulative patch ID is: base, one-off patches include: none
2023-03-31 09:55:42,238 WARN  [org.jboss.as.domain.management.security] (MSC service thread 1-4) WFLYDM0111: Keystore /Users/igyeongdo/WokrSpace/세션 클러스터링/1_14_테스트/standalone/configuration/application.keystore not found, it will be auto generated on first use with a self signed certificate for host localhost
2023-03-31 09:55:42,270 INFO  [org.jboss.as.server.deployment.scanner] (MSC service thread 1-3) WFLYDS0013: Started FileSystemDeploymentService for directory /Users/igyeongdo/WokrSpace/세션 클러스터링/1_14_테스트/standalone/deployments
2023-03-31 09:55:42,295 INFO  [org.jboss.as.server.deployment] (MSC service thread 1-5) WFLYSRV0027: Starting deployment of "clustering2-0.0.1-SNAPSHOT.war" (runtime-name: "clustering2-0.0.1-SNAPSHOT.war")
2023-03-31 09:55:42,727 INFO  [org.wildfly.extension.undertow] (MSC service thread 1-5) WFLYUT0006: Undertow HTTPS listener https listening on 127.0.0.1:8443
2023-03-31 09:55:43,033 INFO  [org.jboss.ws.common.management] (MSC service thread 1-3) JBWS022052: Starting JBossWS 5.2.3.Final (Apache CXF 3.2.5.jbossorg-1) 
2023-03-31 09:55:44,610 WARN  [org.jboss.metadata.parser.jbossweb.JBossWebMetaDataParser] (MSC service thread 1-4) <replication-trigger/> is no longer supported and will be ignored
2023-03-31 09:55:45,552 WARN  [org.jboss.as.ee] (MSC service thread 1-3) WFLYEE0007: Not installing optional component org.springframework.http.server.reactive.ServletServerHttpResponse$ResponseAsyncListener due to an exception (enable DEBUG log level to see the cause)
2023-03-31 09:55:45,564 WARN  [org.jboss.as.ee] (MSC service thread 1-3) WFLYEE0007: Not installing optional component org.springframework.http.server.ServletServerHttpAsyncRequestControl due to an exception (enable DEBUG log level to see the cause)
2023-03-31 09:55:45,565 WARN  [org.jboss.as.ee] (MSC service thread 1-3) WFLYEE0007: Not installing optional component org.springframework.web.context.request.async.StandardServletAsyncWebRequest due to an exception (enable DEBUG log level to see the cause)
2023-03-31 09:55:45,567 WARN  [org.jboss.as.ee] (MSC service thread 1-3) WFLYEE0007: Not installing optional component org.springframework.http.server.reactive.ServletHttpHandlerAdapter$HttpHandlerAsyncListener due to an exception (enable DEBUG log level to see the cause)
2023-03-31 09:55:45,582 WARN  [org.jboss.as.ee] (MSC service thread 1-3) WFLYEE0007: Not installing optional component org.springframework.http.server.reactive.ServletServerHttpRequest$RequestAsyncListener due to an exception (enable DEBUG log level to see the cause)
2023-03-31 09:55:49,388 INFO  [org.infinispan.remoting.transport.jgroups.JGroupsTransport] (MSC service thread 1-6) ISPN000078: Starting JGroups channel ejb
2023-03-31 09:55:49,388 INFO  [org.infinispan.remoting.transport.jgroups.JGroupsTransport] (MSC service thread 1-3) ISPN000078: Starting JGroups channel ejb
2023-03-31 09:55:49,388 INFO  [org.infinispan.remoting.transport.jgroups.JGroupsTransport] (MSC service thread 1-5) ISPN000078: Starting JGroups channel ejb
2023-03-31 09:55:49,388 INFO  [org.infinispan.remoting.transport.jgroups.JGroupsTransport] (MSC service thread 1-8) ISPN000078: Starting JGroups channel ejb
2023-03-31 09:55:49,406 INFO  [org.infinispan.CLUSTER] (MSC service thread 1-6) ISPN000094: Received new cluster view for channel ejb: [igyeongdoui-macbookpro|1] (2) [igyeongdoui-macbookpro, igyeongdoui-macbookpro]
2023-03-31 09:55:49,407 INFO  [org.infinispan.CLUSTER] (MSC service thread 1-8) ISPN000094: Received new cluster view for channel ejb: [igyeongdoui-macbookpro|1] (2) [igyeongdoui-macbookpro, igyeongdoui-macbookpro]
2023-03-31 09:55:49,406 INFO  [org.infinispan.CLUSTER] (MSC service thread 1-5) ISPN000094: Received new cluster view for channel ejb: [igyeongdoui-macbookpro|1] (2) [igyeongdoui-macbookpro, igyeongdoui-macbookpro]
2023-03-31 09:55:49,406 INFO  [org.infinispan.CLUSTER] (MSC service thread 1-3) ISPN000094: Received new cluster view for channel ejb: [igyeongdoui-macbookpro|1] (2) [igyeongdoui-macbookpro, igyeongdoui-macbookpro]
2023-03-31 09:55:49,421 INFO  [org.infinispan.remoting.transport.jgroups.JGroupsTransport] (MSC service thread 1-3) ISPN000079: Channel ejb local address is igyeongdoui-macbookpro, physical addresses are [0.0.0.0:7600]
2023-03-31 09:55:49,420 INFO  [org.infinispan.remoting.transport.jgroups.JGroupsTransport] (MSC service thread 1-5) ISPN000079: Channel ejb local address is igyeongdoui-macbookpro, physical addresses are [0.0.0.0:7600]
2023-03-31 09:55:49,421 INFO  [org.infinispan.remoting.transport.jgroups.JGroupsTransport] (MSC service thread 1-6) ISPN000079: Channel ejb local address is igyeongdoui-macbookpro, physical addresses are [0.0.0.0:7600]
2023-03-31 09:55:49,420 INFO  [org.infinispan.remoting.transport.jgroups.JGroupsTransport] (MSC service thread 1-8) ISPN000079: Channel ejb local address is igyeongdoui-macbookpro, physical addresses are [0.0.0.0:7600]
2023-03-31 09:55:49,484 INFO  [org.infinispan.factories.GlobalComponentRegistry] (MSC service thread 1-6) ISPN000128: Infinispan version: Infinispan 'Estrella Galicia' 9.3.1.Final
2023-03-31 09:55:55,002 INFO  [org.jboss.as.clustering.infinispan] (ServerService Thread Pool -- 78) WFLYCLINF0002: Started client-mappings cache from ejb container
2023-03-31 09:55:55,011 INFO  [org.jboss.as.clustering.infinispan] (ServerService Thread Pool -- 80) WFLYCLINF0002: Started default-server cache from web container
2023-03-31 09:55:55,004 INFO  [org.jboss.as.clustering.infinispan] (ServerService Thread Pool -- 79) WFLYCLINF0002: Started default cache from server container
2023-03-31 09:55:55,029 INFO  [org.jboss.as.clustering.infinispan] (ServerService Thread Pool -- 81) WFLYCLINF0002: Started clustering2-0.0.1-SNAPSHOT.war cache from web container
2023-03-31 09:55:55,453 INFO  [io.undertow.servlet] (ServerService Thread Pool -- 84) 2 Spring WebApplicationInitializers detected on classpath
2023-03-31 09:55:56,040 INFO  [stdout] (ServerService Thread Pool -- 84) 
2023-03-31 09:55:56,041 INFO  [stdout] (ServerService Thread Pool -- 84)   .   ____          _            __ _ _
2023-03-31 09:55:56,041 INFO  [stdout] (ServerService Thread Pool -- 84)  /\\ / ___'_ __ _ _(_)_ __  __ _ \ \ \ \
2023-03-31 09:55:56,041 INFO  [stdout] (ServerService Thread Pool -- 84) ( ( )\___ | '_ | '_| | '_ \/ _` | \ \ \ \
2023-03-31 09:55:56,041 INFO  [stdout] (ServerService Thread Pool -- 84)  \\/  ___)| |_)| | | | | || (_| |  ) ) ) )
2023-03-31 09:55:56,041 INFO  [stdout] (ServerService Thread Pool -- 84)   '  |____| .__|_| |_|_| |_\__, | / / / /
2023-03-31 09:55:56,041 INFO  [stdout] (ServerService Thread Pool -- 84)  =========|_|==============|___/=/_/_/_/
2023-03-31 09:55:56,042 INFO  [stdout] (ServerService Thread Pool -- 84) [32m :: Spring Boot :: [39m              [2m (v2.7.9)[0;39m
2023-03-31 09:55:56,042 INFO  [stdout] (ServerService Thread Pool -- 84) 
2023-03-31 09:55:56,050 INFO  [org.hibernate.validator.internal.util.Version] (background-preinit) HV000001: Hibernate Validator 6.0.13.Final
2023-03-31 09:55:56,091 INFO  [com.session.clustering2.ServletInitializer] (ServerService Thread Pool -- 84) Starting ServletInitializer using Java 1.8.0_351 on igyeongdoui-MacBookPro.local with PID 66458 (started by igyeongdo in /Users/igyeongdo/WokrSpace/세션 클러스터링/1_14_테스트/bin)
2023-03-31 09:55:56,094 INFO  [com.session.clustering2.ServletInitializer] (ServerService Thread Pool -- 84) No active profile set, falling back to 1 default profile: "default"
2023-03-31 09:55:57,305 INFO  [io.undertow.servlet] (ServerService Thread Pool -- 84) Initializing Spring embedded WebApplicationContext
2023-03-31 09:55:57,307 INFO  [org.springframework.boot.web.servlet.context.ServletWebServerApplicationContext] (ServerService Thread Pool -- 84) Root WebApplicationContext: initialization completed in 1131 ms
2023-03-31 09:55:58,764 WARN  [org.thymeleaf.templatemode.TemplateMode] (ServerService Thread Pool -- 84) [THYMELEAF][ServerService Thread Pool -- 84] Template Mode 'HTML5' is deprecated. Using Template Mode 'HTML' instead.
2023-03-31 09:55:58,847 INFO  [com.session.clustering2.ServletInitializer] (ServerService Thread Pool -- 84) Started ServletInitializer in 3.271 seconds (JVM running for 23.347)
2023-03-31 09:55:58,922 INFO  [javax.enterprise.resource.webcontainer.jsf.config] (ServerService Thread Pool -- 84) '' 컨텍스트에 대해 Mojarra 2.3.5.SP2을 초기화하는 중
2023-03-31 09:56:00,316 INFO  [org.wildfly.extension.undertow] (ServerService Thread Pool -- 84) WFLYUT0021: Registered web context: '/' for server 'default-server'
2023-03-31 09:56:00,364 INFO  [org.jboss.as.server] (ServerService Thread Pool -- 45) WFLYSRV0010: Deployed "clustering2-0.0.1-SNAPSHOT.war" (runtime-name : "clustering2-0.0.1-SNAPSHOT.war")
2023-03-31 09:56:00,471 INFO  [org.jboss.as.server] (Controller Boot Thread) WFLYSRV0212: Resuming server
2023-03-31 09:56:00,476 INFO  [org.jboss.as] (Controller Boot Thread) WFLYSRV0060: Http management interface listening on http://127.0.0.1:9990/management
2023-03-31 09:56:00,478 INFO  [org.jboss.as] (Controller Boot Thread) WFLYSRV0051: Admin console listening on http://127.0.0.1:9990
2023-03-31 09:56:00,479 INFO  [org.jboss.as] (Controller Boot Thread) WFLYSRV0025: WildFly Full 14.0.0.Final (WildFly Core 6.0.1.Final) started in 24885ms - Started 641 of 775 services (389 services are lazy, passive or on-demand)
2023-03-31 09:56:03,223 INFO  [io.undertow.servlet] (default task-1) Initializing Spring DispatcherServlet 'dispatcherServlet'
2023-03-31 09:56:03,225 INFO  [org.springframework.web.servlet.DispatcherServlet] (default task-1) Initializing Servlet 'dispatcherServlet'
2023-03-31 09:56:03,233 INFO  [org.springframework.web.servlet.DispatcherServlet] (default task-1) Completed initialization in 7 ms
2023-03-31 09:56:03,339 INFO  [com.session.clustering2.controller.IndexController] (default task-1) session -> null
2023-03-31 09:56:33,800 INFO  [com.session.clustering2.controller.IndexController] (default task-2) session -> loginCheck
2023-03-31 09:56:35,515 INFO  [com.session.clustering2.controller.IndexController] (default task-2) session -> loginCheck
2023-03-31 09:56:35,678 INFO  [com.session.clustering2.controller.IndexController] (default task-2) session -> loginCheck
2023-03-31 09:56:35,859 INFO  [com.session.clustering2.controller.IndexController] (default task-2) session -> loginCheck
2023-03-31 09:56:35,993 INFO  [com.session.clustering2.controller.IndexController] (default task-2) session -> loginCheck
2023-03-31 09:56:37,038 INFO  [com.session.clustering2.controller.IndexController] (default task-2) IndexController - logout()
2023-03-31 09:56:37,104 INFO  [com.session.clustering2.controller.IndexController] (default task-1) session -> null
2023-03-31 09:56:37,686 INFO  [com.session.clustering2.controller.IndexController] (default task-1) session -> null
2023-03-31 09:56:37,808 INFO  [com.session.clustering2.controller.IndexController] (default task-1) session -> null
2023-03-31 09:56:38,381 INFO  [com.session.clustering2.controller.IndexController] (default task-1) session -> null
2023-03-31 09:56:38,504 INFO  [com.session.clustering2.controller.IndexController] (default task-1) session -> null
2023-03-31 09:57:50,676 INFO  [com.session.clustering2.controller.IndexController] (default task-1) session -> loginCheck
2023-03-31 09:57:53,223 INFO  [com.session.clustering2.controller.IndexController] (default task-1) session -> loginCheck
2023-03-31 09:57:53,351 INFO  [com.session.clustering2.controller.IndexController] (default task-1) session -> loginCheck
2023-03-31 09:58:00,347 INFO  [com.session.clustering2.controller.IndexController] (default task-1) IndexController - logout()
2023-03-31 09:58:00,389 INFO  [com.session.clustering2.controller.IndexController] (default task-2) session -> null
2023-03-31 09:58:03,191 INFO  [com.session.clustering2.controller.IndexController] (default task-2) session -> null
2023-03-31 09:58:03,276 INFO  [com.session.clustering2.controller.IndexController] (default task-2) session -> null
2023-03-31 10:05:37,434 INFO  [org.jboss.as.repository] (ServerService Thread Pool -- 82) WFLYDR0009: Content /Users/igyeongdo/WokrSpace/세션 클러스터링/1_14_테스트/standalone/data/content/12/9223dcd5f42b77dcbfdfaf90c57cac6f1de1e8 is obsolete and will be removed
2023-03-31 10:05:37,464 INFO  [org.jboss.as.repository] (ServerService Thread Pool -- 82) WFLYDR0002: Content removed from location /Users/igyeongdo/WokrSpace/세션 클러스터링/1_14_테스트/standalone/data/content/12/9223dcd5f42b77dcbfdfaf90c57cac6f1de1e8/content
2023-03-31 10:05:37,464 INFO  [org.jboss.as.repository] (ServerService Thread Pool -- 82) WFLYDR0009: Content /Users/igyeongdo/WokrSpace/세션 클러스터링/1_14_테스트/standalone/data/content/00/ea239cc74b378e540c0f0421b49e5a0b580b7b is obsolete and will be removed
2023-03-31 10:05:37,467 INFO  [org.jboss.as.repository] (ServerService Thread Pool -- 82) WFLYDR0002: Content removed from location /Users/igyeongdo/WokrSpace/세션 클러스터링/1_14_테스트/standalone/data/content/00/ea239cc74b378e540c0f0421b49e5a0b580b7b/content
2023-03-31 11:18:32,402 INFO  [org.jboss.as.server] (Thread-2) WFLYSRV0236: Suspending server with no timeout.
2023-03-31 11:18:32,434 INFO  [org.jboss.as.ejb3] (Thread-2) WFLYEJB0493: EJB subsystem suspension complete
2023-03-31 11:18:32,443 INFO  [org.jboss.as.server] (Thread-2) WFLYSRV0220: Server shutdown has been requested via an OS signal
2023-03-31 11:18:32,574 INFO  [org.jboss.as.mail.extension] (MSC service thread 1-5) WFLYMAIL0002: Unbound mail session [java:jboss/mail/Default]
2023-03-31 11:18:32,595 INFO  [org.wildfly.extension.undertow] (ServerService Thread Pool -- 92) WFLYUT0022: Unregistered web context: '/' from server 'default-server'
2023-03-31 11:18:32,655 INFO  [org.infinispan.remoting.transport.jgroups.JGroupsTransport] (MSC service thread 1-4) ISPN000080: Disconnecting JGroups channel ejb
2023-03-31 11:18:32,666 INFO  [io.undertow.servlet] (ServerService Thread Pool -- 92) Destroying Spring FrameworkServlet 'dispatcherServlet'
2023-03-31 11:18:32,678 INFO  [io.undertow.servlet] (ServerService Thread Pool -- 92) Closing Spring root WebApplicationContext
2023-03-31 11:18:32,851 INFO  [org.jboss.modcluster] (ServerService Thread Pool -- 84) MODCLUSTER000002: Initiating mod_cluster shutdown
2023-03-31 11:18:32,866 INFO  [org.wildfly.extension.undertow] (MSC service thread 1-8) WFLYUT0019: Host default-host stopping
2023-03-31 11:18:32,886 INFO  [org.jboss.as.connector.subsystems.datasources] (MSC service thread 1-3) WFLYJCA0010: Unbound data source [java:jboss/datasources/ExampleDS]
2023-03-31 11:18:32,884 WARN  [org.jboss.modcluster] (ServerService Thread Pool -- 84) MODCLUSTER000033: Failed to interrupt socket reception.: java.io.IOException: Can't assign requested address (sendto failed)
	at java.net.PlainDatagramSocketImpl.send(Native Method)
	at java.net.DatagramSocket.send(DatagramSocket.java:693)
	at org.jboss.modcluster.advertise.impl.AdvertiseListenerImpl.interruptDatagramReader(AdvertiseListenerImpl.java:197)
	at org.jboss.modcluster.advertise.impl.AdvertiseListenerImpl.stop(AdvertiseListenerImpl.java:212)
	at org.jboss.modcluster.advertise.impl.AdvertiseListenerImpl.destroy(AdvertiseListenerImpl.java:224)
	at org.jboss.modcluster.ModClusterService.shutdown(ModClusterService.java:198)
	at org.wildfly.extension.mod_cluster.ContainerEventHandlerServiceConfigurator.accept(ContainerEventHandlerServiceConfigurator.java:83)
	at org.wildfly.extension.mod_cluster.ContainerEventHandlerServiceConfigurator.accept(ContainerEventHandlerServiceConfigurator.java:50)
	at org.wildfly.clustering.service.FunctionalService.stop(FunctionalService.java:77)
	at org.wildfly.clustering.service.AsyncServiceConfigurator$AsyncService.lambda$stop$1(AsyncServiceConfigurator.java:142)
	at org.jboss.threads.ContextClassLoaderSavingRunnable.run(ContextClassLoaderSavingRunnable.java:35)
	at org.jboss.threads.EnhancedQueueExecutor.safeRun(EnhancedQueueExecutor.java:1985)
	at org.jboss.threads.EnhancedQueueExecutor$ThreadBody.doRunTask(EnhancedQueueExecutor.java:1487)
	at org.jboss.threads.EnhancedQueueExecutor$ThreadBody.run(EnhancedQueueExecutor.java:1378)
	at java.lang.Thread.run(Thread.java:750)
	at org.jboss.threads.JBossThread.run(JBossThread.java:485)

2023-03-31 11:18:32,908 INFO  [org.jboss.as.connector.deployers.jdbc] (MSC service thread 1-2) WFLYJCA0019: Stopped Driver service with driver-name = h2
2023-03-31 11:18:32,929 INFO  [org.jboss.as.clustering.infinispan] (ServerService Thread Pool -- 93) WFLYCLINF0003: Stopped default cache from server container
2023-03-31 11:18:32,935 INFO  [org.infinispan.remoting.transport.jgroups.JGroupsTransport] (MSC service thread 1-4) ISPN000080: Disconnecting JGroups channel ejb
2023-03-31 11:18:32,986 INFO  [org.infinispan.eviction.impl.PassivationManagerImpl] (ServerService Thread Pool -- 99) ISPN000029: Passivating all entries to disk
2023-03-31 11:18:33,016 INFO  [org.jboss.as.clustering.infinispan] (ServerService Thread Pool -- 98) WFLYCLINF0003: Stopped default-server cache from web container
2023-03-31 11:18:33,017 INFO  [org.jboss.as.clustering.infinispan] (ServerService Thread Pool -- 100) WFLYCLINF0003: Stopped client-mappings cache from ejb container
2023-03-31 11:18:33,019 INFO  [org.infinispan.eviction.impl.PassivationManagerImpl] (ServerService Thread Pool -- 99) ISPN000030: Passivated 0 entries in 34 milliseconds
2023-03-31 11:18:33,023 INFO  [org.infinispan.remoting.transport.jgroups.JGroupsTransport] (MSC service thread 1-7) ISPN000080: Disconnecting JGroups channel ejb
2023-03-31 11:18:33,032 INFO  [org.jboss.as.clustering.infinispan] (ServerService Thread Pool -- 99) WFLYCLINF0003: Stopped clustering2-0.0.1-SNAPSHOT.war cache from web container
2023-03-31 11:18:33,035 INFO  [org.infinispan.remoting.transport.jgroups.JGroupsTransport] (MSC service thread 1-3) ISPN000080: Disconnecting JGroups channel ejb
2023-03-31 11:18:33,076 INFO  [org.wildfly.extension.undertow] (MSC service thread 1-8) WFLYUT0008: Undertow HTTP listener default suspending
2023-03-31 11:18:33,076 INFO  [org.wildfly.extension.undertow] (MSC service thread 1-1) WFLYUT0008: Undertow AJP listener ajp suspending
2023-03-31 11:18:33,076 INFO  [org.wildfly.extension.undertow] (MSC service thread 1-7) WFLYUT0008: Undertow HTTPS listener https suspending
2023-03-31 11:18:33,100 INFO  [org.wildfly.extension.undertow] (MSC service thread 1-7) WFLYUT0007: Undertow HTTPS listener https stopped, was bound to 127.0.0.1:8443
2023-03-31 11:18:33,100 INFO  [org.wildfly.extension.undertow] (MSC service thread 1-1) WFLYUT0007: Undertow AJP listener ajp stopped, was bound to 127.0.0.1:8001
2023-03-31 11:18:33,100 INFO  [org.wildfly.extension.undertow] (MSC service thread 1-8) WFLYUT0007: Undertow HTTP listener default stopped, was bound to 127.0.0.1:9000
2023-03-31 11:18:33,133 INFO  [org.wildfly.extension.undertow] (MSC service thread 1-7) WFLYUT0004: Undertow 2.0.13.Final stopping
2023-03-31 11:18:33,172 INFO  [org.jboss.as.server.deployment] (MSC service thread 1-3) WFLYSRV0028: Stopped deployment clustering2-0.0.1-SNAPSHOT.war (runtime-name: clustering2-0.0.1-SNAPSHOT.war) in 714ms
2023-03-31 11:18:33,196 INFO  [org.jboss.as] (MSC service thread 1-2) WFLYSRV0050: WildFly Full 14.0.0.Final (WildFly Core 6.0.1.Final) stopped in 739ms
